[debug] [2022-10-07T08:27:53.029Z] ----------------------------------------------------------------------
[debug] [2022-10-07T08:27:53.031Z] Command:       C:\Program Files\nodejs\node.exe C:\Users\mloba\AppData\Roaming\npm\node_modules\firebase-tools\lib\bin\firebase.js init
[debug] [2022-10-07T08:27:53.032Z] CLI Version:   11.14.1
[debug] [2022-10-07T08:27:53.032Z] Platform:      win32
[debug] [2022-10-07T08:27:53.032Z] Node Version:  v18.10.0
[debug] [2022-10-07T08:27:53.033Z] Time:          Fri Oct 07 2022 11:27:53 GMT+0300 (Eastern European Summer Time)
[debug] [2022-10-07T08:27:53.033Z] ----------------------------------------------------------------------
[debug] 
[debug] [2022-10-07T08:27:53.042Z] > command requires scopes: ["email","openid","https://www.googleapis.com/auth/cloudplatformprojects.readonly","https://www.googleapis.com/auth/firebase","https://www.googleapis.com/auth/cloud-platform"]
[debug] [2022-10-07T08:27:53.043Z] > authorizing via signed-in user (mlobacov@gmail.com)
[info] 
     ######## #### ########  ######## ########     ###     ######  ########
     ##        ##  ##     ## ##       ##     ##  ##   ##  ##       ##
     ######    ##  ########  ######   ########  #########  ######  ######
     ##        ##  ##    ##  ##       ##     ## ##     ##       ## ##
     ##       #### ##     ## ######## ########  ##     ##  ######  ########

You're about to initialize a Firebase project in this directory:

  C:\Users\mloba\Desktop\GIT\bouquet

[info] 
=== Project Setup
[info] 
[info] First, let's associate this project directory with a Firebase project.
[info] You can create multiple project aliases by running firebase use --add, 
[info] but for now we'll just set up a default project.
[info] 
[info] i  If you want to create a project in a Google Cloud organization or folder, please use "firebase projects:create" instead, and return to this command when you've created the project. 
[debug] [2022-10-07T08:29:24.446Z] >>> [apiv2][query] POST https://cloudresourcemanager.googleapis.com/v1/projects [none]
[debug] [2022-10-07T08:29:24.447Z] >>> [apiv2][body] POST https://cloudresourcemanager.googleapis.com/v1/projects {"projectId":"front-end-bouquet-987","name":"front-end-bouquet-987"}
[debug] [2022-10-07T08:29:24.918Z] <<< [apiv2][status] POST https://cloudresourcemanager.googleapis.com/v1/projects 200
[debug] [2022-10-07T08:29:24.918Z] <<< [apiv2][body] POST https://cloudresourcemanager.googleapis.com/v1/projects {"name":"operations/cp.7353187825955189059"}
[debug] [2022-10-07T08:29:24.919Z] >>> [apiv2][query] GET https://cloudresourcemanager.googleapis.com/v1/operations/cp.7353187825955189059 [none]
[debug] [2022-10-07T08:29:25.917Z] <<< [apiv2][status] GET https://cloudresourcemanager.googleapis.com/v1/operations/cp.7353187825955189059 200
[debug] [2022-10-07T08:29:25.917Z] <<< [apiv2][body] GET https://cloudresourcemanager.googleapis.com/v1/operations/cp.7353187825955189059 {"name":"operations/cp.7353187825955189059","metadata":{"@type":"type.googleapis.com/google.cloudresourcemanager.v1.ProjectCreationStatus","ready":true},"done":true,"error":{"code":9,"message":"Callers must accept Terms of Service","details":[{"@type":"type.googleapis.com/google.rpc.PreconditionFailure","violations":[{"type":"TOS","subject":"cloud","description":"Callers must accept Terms of Service"}]}]}}
[debug] [2022-10-07T08:29:26.039Z] FirebaseError: Callers must accept Terms of Service
    at OperationPoller.poll (C:\Users\mloba\AppData\Roaming\npm\node_modules\firebase-tools\lib\operation-poller.js:24:19)
    at process.processTicksAndRejections (node:internal/process/task_queues:95:5)
    at async createCloudProject (C:\Users\mloba\AppData\Roaming\npm\node_modules\firebase-tools\lib\management\projects.js:186:29)
    at async createFirebaseProjectAndLog (C:\Users\mloba\AppData\Roaming\npm\node_modules\firebase-tools\lib\management\projects.js:45:9)
    at async promptAndCreateNewProject (C:\Users\mloba\AppData\Roaming\npm\node_modules\firebase-tools\lib\init\features\project.js:32:12)
    at async doSetup (C:\Users\mloba\AppData\Roaming\npm\node_modules\firebase-tools\lib\init\features\project.js:88:27)
    at async init (C:\Users\mloba\AppData\Roaming\npm\node_modules\firebase-tools\lib\init\index.js:36:9)
[error] 
[error] Error: Failed to create project. See firebase-debug.log for more info.
